2024-07-22 22:30:32 [INFO] () | 没有 -q 参数指定快速登录的QQ，将使用二维码登录方式 
2024-07-22 22:30:32 [INFO] () | [NapCat] [WebUi] Current WebUi is running at IP:6099 
2024-07-22 22:30:32 [INFO] () | [NapCat] [WebUi] Login Token is j8x0948lw8 
2024-07-22 22:30:32 [INFO] () | [NapCat] 当前版本: 1.6.3 
2024-07-22 22:30:32 [WARN] () | [NapCat] 检测到更新,请前往 https://github.com/NapNeko/NapCatQQ 下载 NapCatQQ V 1.6.7 
2024-07-22 22:30:32 [WARN] () | 请扫描下面的二维码，然后在手Q上授权登录： 
2024-07-22 22:30:32 [WARN] () | 
▄▄▄▄▄▄▄▄▄▄▄▄▄▄▄▄▄▄▄▄▄▄▄▄▄▄▄▄▄▄▄▄▄▄▄
█ ▄▄▄▄▄ █▄▄▄ ▀▄██ ▀▄ ▀███▄█ ▄▄▄▄▄ █
█ █   █ ██▄▀ █ ▀▄▄▀█  ▄▄█ █ █   █ █
█ █▄▄▄█ ██▀▄ ▄████▀▀█▀██▀▀█ █▄▄▄█ █
█▄▄▄▄▄▄▄█ ▀▄█ ▀ █ █ █▄█▄▀ █▄▄▄▄▄▄▄█
█▄▄▀ ▄▀▄█▀▄▀█▄██▀▀▀▀▄█▀▀█▄█▄▀▀█▀▀▄█
█ ▀▀ ▄ ▄█▄▄██▄█▄ █ ▀█▀█  ▄▀  ▄▀▀▄▄█
█▀█▀█▄█▄▄   █▀▀▄  █▀▄▄█ ▄█▀▄▄███▄▄█
█▀▄ ▀▄▀▄▀█▄▄█▀▄▀ ▄▄  █▄▄▀█▀▄█ █▀█▀█
█▄▄█▀██▄   ▄ ▄▄  ▀▀▀█ ▀ █▄▄ ▀ ▄█  █
█▄ ▄▄▄▄▄ ▄█ ▀▄   ▀▄█▄ █▄▄██▀█▄█▀▀ █
█▀▀▀  ▄▄▀ ▄▀▄▀██▄▄▄▀█▄▄█ ▀▄█▀▀▀█▀██
█ █ ▄▀█▄ █▀▀ ▀█  ▀▀██▄█ ▄▀ ▀ ▄█▀▄▄█
█▄▄▄▄█▄▄▄ ▄█▄▄▀▄▀▄▀██▀▄▀█ ▄▄▄ ▀▀ ██
█ ▄▄▄▄▄ ██▄  ▄█   █   █▄  █▄█ ▀ █▀█
█ █   █ █ ▄ ▀ ▄ ▀▄▄▀█▀██▄▄ ▄▄▄▀█▄▄█
█ █▄▄▄█ █▀▀▄▄█ ▄▄██▄  ▄▄▀█▀▀▄   ▀ █
█▄▄▄▄▄▄▄█▄▄▄█████▄▄█▄▄█▄█▄▄█▄█▄████

二维码解码URL: https://txz.qq.com/p?k=oTBa8Ln1jVS00S8ZFeGLOxLbegxKiz*G&f=1600001615
如果控制台二维码无法扫码，可以复制解码url到二维码生成网站生成二维码再扫码，也可以打开下方的二维码路径图片进行扫码 
2024-07-22 22:30:32 [WARN] () | 二维码已保存到 /file/project/p2/napcatqq/NapCat.linux.x64/qrcode.png 
2024-07-22 22:30:34 [DEBUG] () | 检测更新异常 {} 
2024-07-22 22:30:34 [DEBUG] () | 检测更新异常 {} 
2024-07-22 22:31:05 [INFO] () | 配置文件/file/project/p2/napcatqq/NapCat.linux.x64/config/napcat_3698581150.json已创建
如果修改此文件后需要重启 NapCat 生效 
2024-07-22 22:31:05 [DEBUG] (3698581150) | 本账号数据/缓存目录： /home/user/.config/QQ/NapCat/data 
2024-07-22 22:31:05 [DEBUG] (3698581150) | Could not get max short id, Use default -2147483640 {"errno":1,"code":"SQLITE_ERROR"} 
2024-07-22 22:31:05 [DEBUG] (3698581150) | ob11 ready 
2024-07-22 22:31:05 [INFO] (3698581150) | 配置文件/file/project/p2/napcatqq/NapCat.linux.x64/config/onebot11_3698581150.json已创建
如果修改此文件后需要重启 NapCat 生效 
2024-07-22 22:31:05 [INFO] (3698581150) | 
    HTTP服务 未启动, :3000
    HTTP上报服务 未启动, 上报地址: 
    WebSocket服务 未启动, :3001
    WebSocket反向服务 未启动, 反向地址: 
     
2024-07-22 22:31:05 [DEBUG] (3698581150) | ob11 msg listener added 
2024-07-22 22:31:05 [DEBUG] (3698581150) | ob11 buddy listener added 
2024-07-22 22:31:05 [DEBUG] (3698581150) | ob11 group listener added 
2024-07-22 22:31:05 [INFO] (3698581150) | 登录成功! 
2024-07-22 22:31:15 [INFO] 公司高管(3698581150) | 账号设备(u_Wcc5rknRRqRO8y5gxMD6sA) 在线状态变更 
2024-07-22 22:31:15 [INFO] 公司高管(3698581150) | 账号设备(u_Wcc5rknRRqRO8y5gxMD6sA) 在线状态变更 
2024-07-22 22:31:15 [INFO] 公司高管(3698581150) | 账号设备(u_Wcc5rknRRqRO8y5gxMD6sA) 在线状态变更 
2024-07-22 22:31:18 [DEBUG] 公司高管(3698581150) | 收到新消息 {"msgId":"7394669259388583826","msgRandom":"3825320590","msgSeq":"2987012","cntSeq":"0","chatType":2,"msgType":2,"subMsgType":1,"sendType":0,"senderUid":"u_U413b_IumNSQI2vAcNLvqQ","peerUid":"708579378","channelId":"","guildId":"","guildCode":"0","fromUid":"0","fromAppid":"0","msgTime":"1721705603","msgMeta":"0x","sendStatus":2,"sendRemarkName":"","sendMemberName":"","sendNickName":"绮久罗美","guildName":"","channelName":"","elements":[{"elementType":1,"elementId":"7394669259388583825","extBufForUI":"0x","textElement":{"content":"resources 自己都有bug","atType":0,"atUid":"0","atTinyId":"0","atNtUid":"","subElementType":0,"atChannelId":"0","linkInfo":null,"atRoleId":"0","atRoleColor":0,"atRoleName":"","needNotify":0},"faceElement":null,"marketFaceElement":null,"replyElement":null,"picElement":null,"pttElement":null,"videoElement":null,"grayTipElement":null,"arkElement":null,"fileElement":null,"liveGiftElement":null,"markdownElement":null,"structLongMsgElement":null,"multiForwardMsgElement":null,"giphyElement":null,"walletElement":null,"inlineKeyboardElement":null,"textGiftElement":null,"calendarElement":null,"yoloGameResultElement":null,"avRecordElement":null,"structMsgElement":null,"faceBubbleElement":null,"shareLocationElement":null,"tofuRecordElement":null,"taskTopMsgElement":null,"recommendedMsgElement":null,"actionBarElement":null}],"records":[],"emojiLikesList":[],"commentCnt":"0","directMsgFlag":0,"directMsgMembers":[],"peerName":"Unity游戏开发咖啡屋⚣","freqLimitInfo":null,"editable":false,"avatarMeta":"","avatarPendant":"","feedId":"","roleId":"0","timeStamp":"0","clientIdentityInfo":null,"isImportMsg":false,"atType":0,"roleType":0,"fromChannelRoleInfo":{"roleId":"0","name":"","color":0},"fromGuildRoleInfo":{"roleId":"0","name":"","color":0},"levelRoleInfo":{"roleId":"0","name":"","color":0},"recallTime":"0","isOnlineMsg":true,"generalFlags":"0x","clientSeq":"0","fileGroupSize":null,"foldingInfo":null,"multiTransInfo":null,"senderUin":"614871243","peerUin":"708579378","msgAttrs":{},"anonymousExtInfo":null,"nameType":0,"avatarFlag":0,"extInfoForUI":null,"personalMedal":null,"categoryManage":0,"msgEventInfo":null,"id":-2147483639} 
2024-07-22 22:31:18 [DEBUG] 公司高管(3698581150) | 收到消息:  {"self_id":3698581150,"user_id":614871243,"time":1721705603,"message_id":-2147483639,"message_seq":-2147483639,"real_id":-2147483639,"message_type":"group","sender":{"user_id":614871243,"nickname":"绮久罗美","card":"","role":"member"},"raw_message":"resources 自己都有bug","font":14,"sub_type":"normal","message":[{"data":{"text":"resources 自己都有bug"},"type":"text"}],"message_format":"array","post_type":"message","group_id":708579378} 
2024-07-22 22:31:18 [INFO] 公司高管(3698581150) | 群[Unity游戏开发咖啡屋⚣(708579378)] 绮久罗美(614871243): resources 自己都有bug 
2024-07-22 22:31:21 [DEBUG] 公司高管(3698581150) | 收到新消息 {"msgId":"7394669275471466015","msgRandom":"1900940536","msgSeq":"39","cntSeq":"0","chatType":1,"msgType":2,"subMsgType":1,"sendType":0,"senderUid":"u_V69BZojbJFRhlHN6EEe6sw","peerUid":"u_V69BZojbJFRhlHN6EEe6sw","channelId":"","guildId":"","guildCode":"0","fromUid":"0","fromAppid":"0","msgTime":"1721705607","msgMeta":"0x","sendStatus":2,"sendRemarkName":"","sendMemberName":"","sendNickName":"","guildName":"","channelName":"","elements":[{"elementType":1,"elementId":"7394669275471466014","extBufForUI":"0x","textElement":{"content":"1","atType":0,"atUid":"0","atTinyId":"0","atNtUid":"","subElementType":0,"atChannelId":"0","linkInfo":null,"atRoleId":"0","atRoleColor":0,"atRoleName":"","needNotify":0},"faceElement":null,"marketFaceElement":null,"replyElement":null,"picElement":null,"pttElement":null,"videoElement":null,"grayTipElement":null,"arkElement":null,"fileElement":null,"liveGiftElement":null,"markdownElement":null,"structLongMsgElement":null,"multiForwardMsgElement":null,"giphyElement":null,"walletElement":null,"inlineKeyboardElement":null,"textGiftElement":null,"calendarElement":null,"yoloGameResultElement":null,"avRecordElement":null,"structMsgElement":null,"faceBubbleElement":null,"shareLocationElement":null,"tofuRecordElement":null,"taskTopMsgElement":null,"recommendedMsgElement":null,"actionBarElement":null}],"records":[],"emojiLikesList":[],"commentCnt":"0","directMsgFlag":0,"directMsgMembers":[],"peerName":"","freqLimitInfo":null,"editable":false,"avatarMeta":"","avatarPendant":"","feedId":"","roleId":"0","timeStamp":"0","clientIdentityInfo":null,"isImportMsg":false,"atType":0,"roleType":0,"fromChannelRoleInfo":{"roleId":"0","name":"","color":0},"fromGuildRoleInfo":{"roleId":"0","name":"","color":0},"levelRoleInfo":{"roleId":"0","name":"","color":0},"recallTime":"0","isOnlineMsg":true,"generalFlags":"0x","clientSeq":"61041","fileGroupSize":null,"foldingInfo":null,"multiTransInfo":null,"senderUin":"3776603471","peerUin":"3776603471","msgAttrs":{},"anonymousExtInfo":null,"nameType":0,"avatarFlag":0,"extInfoForUI":null,"personalMedal":null,"categoryManage":0,"msgEventInfo":null,"id":-2147483638} 
2024-07-22 22:31:21 [DEBUG] 公司高管(3698581150) | 收到新消息 {"msgId":"7394669275471466020","msgRandom":"3263576999","msgSeq":"2987013","cntSeq":"0","chatType":2,"msgType":2,"subMsgType":1,"sendType":0,"senderUid":"u_U413b_IumNSQI2vAcNLvqQ","peerUid":"708579378","channelId":"","guildId":"","guildCode":"0","fromUid":"0","fromAppid":"0","msgTime":"1721705607","msgMeta":"0x","sendStatus":2,"sendRemarkName":"","sendMemberName":"","sendNickName":"绮久罗美","guildName":"","channelName":"","elements":[{"elementType":1,"elementId":"7394669275471466019","extBufForUI":"0x","textElement":{"content":"屎山了","atType":0,"atUid":"0","atTinyId":"0","atNtUid":"","subElementType":0,"atChannelId":"0","linkInfo":null,"atRoleId":"0","atRoleColor":0,"atRoleName":"","needNotify":0},"faceElement":null,"marketFaceElement":null,"replyElement":null,"picElement":null,"pttElement":null,"videoElement":null,"grayTipElement":null,"arkElement":null,"fileElement":null,"liveGiftElement":null,"markdownElement":null,"structLongMsgElement":null,"multiForwardMsgElement":null,"giphyElement":null,"walletElement":null,"inlineKeyboardElement":null,"textGiftElement":null,"calendarElement":null,"yoloGameResultElement":null,"avRecordElement":null,"structMsgElement":null,"faceBubbleElement":null,"shareLocationElement":null,"tofuRecordElement":null,"taskTopMsgElement":null,"recommendedMsgElement":null,"actionBarElement":null}],"records":[],"emojiLikesList":[],"commentCnt":"0","directMsgFlag":0,"directMsgMembers":[],"peerName":"Unity游戏开发咖啡屋⚣","freqLimitInfo":null,"editable":false,"avatarMeta":"","avatarPendant":"","feedId":"","roleId":"0","timeStamp":"0","clientIdentityInfo":null,"isImportMsg":false,"atType":0,"roleType":0,"fromChannelRoleInfo":{"roleId":"0","name":"","color":0},"fromGuildRoleInfo":{"roleId":"0","name":"","color":0},"levelRoleInfo":{"roleId":"0","name":"","color":0},"recallTime":"0","isOnlineMsg":true,"generalFlags":"0x","clientSeq":"0","fileGroupSize":null,"foldingInfo":null,"multiTransInfo":null,"senderUin":"614871243","peerUin":"708579378","msgAttrs":{},"anonymousExtInfo":null,"nameType":0,"avatarFlag":0,"extInfoForUI":null,"personalMedal":null,"categoryManage":0,"msgEventInfo":null,"id":-2147483637} 
2024-07-22 22:31:21 [DEBUG] 公司高管(3698581150) | 收到消息:  {"self_id":3698581150,"user_id":614871243,"time":1721705607,"message_id":-2147483637,"message_seq":-2147483637,"real_id":-2147483637,"message_type":"group","sender":{"user_id":614871243,"nickname":"绮久罗美","card":"","role":"member"},"raw_message":"屎山了","font":14,"sub_type":"normal","message":[{"data":{"text":"屎山了"},"type":"text"}],"message_format":"array","post_type":"message","group_id":708579378} 
2024-07-22 22:31:21 [INFO] 公司高管(3698581150) | 群[Unity游戏开发咖啡屋⚣(708579378)] 绮久罗美(614871243): 屎山了 
2024-07-22 22:31:21 [DEBUG] 公司高管(3698581150) | 收到消息:  {"self_id":3698581150,"user_id":3776603471,"time":1721705607,"message_id":-2147483638,"message_seq":-2147483638,"real_id":-2147483638,"message_type":"private","sender":{"user_id":3776603471,"nickname":"QQ红包","card":""},"raw_message":"1","font":14,"sub_type":"friend","message":[{"data":{"text":"1"},"type":"text"}],"message_format":"array","post_type":"message"} 
2024-07-22 22:31:21 [INFO] 公司高管(3698581150) | QQ红包(3776603471): 1 
2024-07-22 22:31:28 [DEBUG] 公司高管(3698581150) | 收到新消息 {"msgId":"7394669301846793288","msgRandom":"1862998221","msgSeq":"2987014","cntSeq":"0","chatType":2,"msgType":2,"subMsgType":16,"sendType":0,"senderUid":"u_-n8gFC6d-XqxSlYVuMbQDA","peerUid":"708579378","channelId":"","guildId":"","guildCode":"0","fromUid":"0","fromAppid":"0","msgTime":"1721705613","msgMeta":"0x","sendStatus":2,"sendRemarkName":"","sendMemberName":"oof(称号是花粉)","sendNickName":"","guildName":"","channelName":"","elements":[{"elementType":6,"elementId":"7394669301846793287","extBufForUI":"0x","textElement":null,"faceElement":{"faceIndex":221,"faceText":null,"faceType":1,"packId":null,"stickerId":null,"sourceType":null,"stickerType":null,"resultId":null,"surpriseId":null,"randomType":null,"imageType":null,"pokeType":null,"spokeSummary":null,"doubleHit":null,"vaspokeId":null,"vaspokeName":null,"vaspokeMinver":null,"pokeStrength":null,"msgType":null,"faceBubbleCount":null,"oldVersionStr":null,"pokeFlag":null,"chainCount":null},"marketFaceElement":null,"replyElement":null,"picElement":null,"pttElement":null,"videoElement":null,"grayTipElement":null,"arkElement":null,"fileElement":null,"liveGiftElement":null,"markdownElement":null,"structLongMsgElement":null,"multiForwardMsgElement":null,"giphyElement":null,"walletElement":null,"inlineKeyboardElement":null,"textGiftElement":null,"calendarElement":null,"yoloGameResultElement":null,"avRecordElement":null,"structMsgElement":null,"faceBubbleElement":null,"shareLocationElement":null,"tofuRecordElement":null,"taskTopMsgElement":null,"recommendedMsgElement":null,"actionBarElement":null}],"records":[],"emojiLikesList":[],"commentCnt":"0","directMsgFlag":0,"directMsgMembers":[],"peerName":"Unity游戏开发咖啡屋⚣","freqLimitInfo":null,"editable":false,"avatarMeta":"","avatarPendant":"","feedId":"","roleId":"0","timeStamp":"0","clientIdentityInfo":null,"isImportMsg":false,"atType":0,"roleType":0,"fromChannelRoleInfo":{"roleId":"0","name":"","color":0},"fromGuildRoleInfo":{"roleId":"0","name":"","color":0},"levelRoleInfo":{"roleId":"0","name":"","color":0},"recallTime":"0","isOnlineMsg":true,"generalFlags":"0x","clientSeq":"0","fileGroupSize":null,"foldingInfo":null,"multiTransInfo":null,"senderUin":"491492179","peerUin":"708579378","msgAttrs":{},"anonymousExtInfo":null,"nameType":0,"avatarFlag":0,"extInfoForUI":null,"personalMedal":null,"categoryManage":0,"msgEventInfo":null,"id":-2147483636} 
2024-07-22 22:31:28 [DEBUG] 公司高管(3698581150) | 收到消息:  {"self_id":3698581150,"user_id":491492179,"time":1721705613,"message_id":-2147483636,"message_seq":-2147483636,"real_id":-2147483636,"message_type":"group","sender":{"user_id":491492179,"nickname":"全体成员","card":"oof(称号是花粉)","role":"member"},"raw_message":"[CQ:face,id=221]","font":14,"sub_type":"normal","message":[{"data":{"id":"221"},"type":"face"}],"message_format":"array","post_type":"message","group_id":708579378} 
2024-07-22 22:31:28 [INFO] 公司高管(3698581150) | 群[Unity游戏开发咖啡屋⚣(708579378)] 全体成员(491492179): [表情|id:221] 
